<?xml version="1.0" encoding="UTF-8"?>
<!-- Generated by org.testng.reporters.JUnitXMLReporter -->
<testsuite hostname="LAPTOP-6NIVDKIL" name="Command line test" tests="1" failures="0" timestamp="25 Sep 2017 18:19:42 GMT" time="0.055" errors="0">
  <testcase name="@BeforeMethod openBrowser" time="0.0" classname="com.org.sample.myMavenTest.MainForeverTest">
    <failure type="org.testng.TestNGException" message="
Method openBrowser requires 1 parameters but 0 were supplied in the @Configuration annotation.">
      <![CDATA[org.testng.TestNGException: 
Method openBrowser requires 1 parameters but 0 were supplied in the @Configuration annotation.
	at org.apache.maven.surefire.testng.TestNGExecutor.run(TestNGExecutor.java:77)
	at org.apache.maven.surefire.testng.TestNGDirectoryTestSuite.execute(TestNGDirectoryTestSuite.java:110)
	at org.apache.maven.surefire.testng.TestNGProvider.invoke(TestNGProvider.java:106)
	at org.apache.maven.surefire.util.ReflectionUtils.invokeMethodWithArray(ReflectionUtils.java:189)
	at org.apache.maven.surefire.booter.ProviderFactory$ProviderProxy.invoke(ProviderFactory.java:165)
	at org.apache.maven.surefire.booter.ProviderFactory.invokeProvider(ProviderFactory.java:85)
	at org.apache.maven.surefire.booter.ForkedBooter.runSuitesInProcess(ForkedBooter.java:115)
	at org.apache.maven.surefire.booter.ForkedBooter.main(ForkedBooter.java:75)
... Removed 25 stack frames]]>
    </failure>
  </testcase> <!-- @BeforeMethod openBrowser -->
  <testcase name="@AfterMethod Logout" time="0.0" classname="com.org.sample.myMavenTest.MainForeverTest">
    <skipped/>
  </testcase> <!-- @AfterMethod Logout -->
  <testcase name="verifyEmail" time="0.028" classname="com.org.sample.myMavenTest.MainForeverTest">
    <skipped/>
  </testcase> <!-- verifyEmail -->
</testsuite> <!-- Command line test -->
